name: train
run_id: commands[0]
env COMSPEC: C:\WINDOWS\system32\cmd.exe
env LANG: es
env NUMBER_OF_PROCESSORS: 8
env PATHEXT: .COM;.EXE;.BAT;.CMD;.VBS;.VBE;.JS;.JSE;.WSF;.WSH;.MSC
env PROCESSOR_ARCHITECTURE: AMD64
env PROGRAMDATA: C:\ProgramData
env PROGRAMFILES: C:\Program Files
env PROGRAMFILES(X86): C:\Program Files (x86)
env SSL_CERT_FILE: C:\anaconda3\Library\ssl\cacert.pem
env SYSTEMDRIVE: C:
env SYSTEMROOT: C:\WINDOWS
env TEMP: C:\Users\DAYRON~1\AppData\Local\Temp
env TMP: C:\Users\DAYRON~1\AppData\Local\Temp
env USERPROFILE: C:\Users\Dayron Cuadros
env PATH: C:\Temp\package\.tox\test_package\Scripts;C:\anaconda3\envs\miad_dsa_project;C:\anaconda3\envs\miad_dsa_project\Library\mingw-w64\bin;C:\anaconda3\envs\miad_dsa_project\Library\usr\bin;C:\anaconda3\envs\miad_dsa_project\Library\bin;C:\anaconda3\envs\miad_dsa_project\Scripts;C:\anaconda3\envs\miad_dsa_project\bin;C:\anaconda3\condabin;C:\Program Files\Eclipse Foundation\jdk-8.0.302.8-hotspot\bin;C:\Program Files (x86)\Microsoft SDKs\Azure\CLI2\wbin;C:\Program Files\Common Files\Oracle\Java\javapath;C:\WINDOWS\system32;C:\WINDOWS;C:\WINDOWS\System32\Wbem;C:\WINDOWS\System32\WindowsPowerShell\v1.0;C:\WINDOWS\System32\OpenSSH;C:\Program Files\Microsoft VS Code\bin;C:\Program Files\Microsoft SQL Server\130\Tools\Binn;C:\Program Files\Microsoft SQL Server\Client SDK\ODBC\170\Tools\Binn;C:\Program Files (x86)\Microsoft SQL Server\150\Tools\Binn;C:\Program Files\Microsoft SQL Server\150\Tools\Binn;C:\Program Files\Microsoft SQL Server\150\DTS\Binn;C:\Program Files (x86)\Microsoft SQL Server\150\DTS\Binn;C:\Program Files\nodejs;C:\Program Files\dotnet;C:\adb\platform-tools;C:\Program Files\Microsoft\Web Platform Installer;C:\ProgramData\chocolatey\bin;C:\Program Files\Microsoft Service Fabric\bin\Fabric\Fabric.Code;C:\Program Files\Microsoft SDKs\Service Fabric\Tools\ServiceFabricLocalClusterManager;C:\Program Files\Git\cmd;C:\Users\Dayron Cuadros\Documents\Repos\hadoop\winutils\hadoop-3.2.2\bin;C:\Program Files\SafeNet\Authentication\SAC\x64;C:\Program Files\SafeNet\Authentication\SAC\x32;C:\Program Files\PuTTY;C:\Program Files\Git LFS;C:\Program Files\PowerShell\7;C:\Program Files\Docker\Docker\resources\bin;C:\Users\Dayron Cuadros\AppData\Local\Microsoft\WindowsApps;C:\Users\Dayron Cuadros\.dotnet\tools;C:\Users\Dayron Cuadros\AppData\Roaming\Python\Python37\Scripts;C:\Users\Dayron Cuadros\AppData\Local\GitHubDesktop\bin;C:\Users\Dayron Cuadros\AppData\Roaming\npm;C:\Users\Dayron Cuadros\Documents\Selenium\Drivers;C:\Users\Dayron Cuadros\AppData\Local\Programs\Azure Data Studio\bin;C:\Program Files\heroku\bin
env PIP_DISABLE_PIP_VERSION_CHECK: 1
env PYTHONIOENCODING: utf-8
env PYTHONPATH: .
env PYTHONHASHSEED: 0
env TOX_ENV_NAME: train
env TOX_WORK_DIR: C:\Temp\package\.tox
env TOX_ENV_DIR: C:\Temp\package\.tox\test_package
env VIRTUAL_ENV: C:\Temp\package\.tox\test_package
env COLUMNS: 120
env LINES: 30
metadata pid: 9808
cwd: C:\Temp\package
allow: C:\Temp\package\.tox\test_package\Scripts\*:train
cmd: python model/train_pipeline.py
exit_code: 0
