name: train
run_id: install_deps
env COMSPEC: C:\WINDOWS\system32\cmd.exe
env LANG: es
env NUMBER_OF_PROCESSORS: 8
env PATHEXT: .COM;.EXE;.BAT;.CMD;.VBS;.VBE;.JS;.JSE;.WSF;.WSH;.MSC
env PROCESSOR_ARCHITECTURE: AMD64
env PROGRAMDATA: C:\ProgramData
env PROGRAMFILES: C:\Program Files
env PROGRAMFILES(X86): C:\Program Files (x86)
env SSL_CERT_FILE: C:\anaconda3\Library\ssl\cacert.pem
env SYSTEMDRIVE: C:
env SYSTEMROOT: C:\WINDOWS
env TEMP: C:\Users\DAYRON~1\AppData\Local\Temp
env TMP: C:\Users\DAYRON~1\AppData\Local\Temp
env USERPROFILE: C:\Users\Dayron Cuadros
env PATH: C:\Temp\package\.tox\test_package\Scripts;C:\anaconda3\envs\miad_dsa_project;C:\anaconda3\envs\miad_dsa_project\Library\mingw-w64\bin;C:\anaconda3\envs\miad_dsa_project\Library\usr\bin;C:\anaconda3\envs\miad_dsa_project\Library\bin;C:\anaconda3\envs\miad_dsa_project\Scripts;C:\anaconda3\envs\miad_dsa_project\bin;C:\anaconda3\condabin;C:\Program Files\Eclipse Foundation\jdk-8.0.302.8-hotspot\bin;C:\Program Files (x86)\Microsoft SDKs\Azure\CLI2\wbin;C:\Program Files\Common Files\Oracle\Java\javapath;C:\WINDOWS\system32;C:\WINDOWS;C:\WINDOWS\System32\Wbem;C:\WINDOWS\System32\WindowsPowerShell\v1.0;C:\WINDOWS\System32\OpenSSH;C:\Program Files\Microsoft VS Code\bin;C:\Program Files\Microsoft SQL Server\130\Tools\Binn;C:\Program Files\Microsoft SQL Server\Client SDK\ODBC\170\Tools\Binn;C:\Program Files (x86)\Microsoft SQL Server\150\Tools\Binn;C:\Program Files\Microsoft SQL Server\150\Tools\Binn;C:\Program Files\Microsoft SQL Server\150\DTS\Binn;C:\Program Files (x86)\Microsoft SQL Server\150\DTS\Binn;C:\Program Files\nodejs;C:\Program Files\dotnet;C:\adb\platform-tools;C:\Program Files\Microsoft\Web Platform Installer;C:\ProgramData\chocolatey\bin;C:\Program Files\Microsoft Service Fabric\bin\Fabric\Fabric.Code;C:\Program Files\Microsoft SDKs\Service Fabric\Tools\ServiceFabricLocalClusterManager;C:\Program Files\Git\cmd;C:\Users\Dayron Cuadros\Documents\Repos\hadoop\winutils\hadoop-3.2.2\bin;C:\Program Files\SafeNet\Authentication\SAC\x64;C:\Program Files\SafeNet\Authentication\SAC\x32;C:\Program Files\PuTTY;C:\Program Files\Git LFS;C:\Program Files\PowerShell\7;C:\Program Files\Docker\Docker\resources\bin;C:\Users\Dayron Cuadros\AppData\Local\Microsoft\WindowsApps;C:\Users\Dayron Cuadros\.dotnet\tools;C:\Users\Dayron Cuadros\AppData\Roaming\Python\Python37\Scripts;C:\Users\Dayron Cuadros\AppData\Local\GitHubDesktop\bin;C:\Users\Dayron Cuadros\AppData\Roaming\npm;C:\Users\Dayron Cuadros\Documents\Selenium\Drivers;C:\Users\Dayron Cuadros\AppData\Local\Programs\Azure Data Studio\bin;C:\Program Files\heroku\bin
env PIP_DISABLE_PIP_VERSION_CHECK: 1
env PYTHONIOENCODING: utf-8
env PYTHONPATH: .
env PYTHONHASHSEED: 0
env TOX_ENV_NAME: train
env TOX_WORK_DIR: C:\Temp\package\.tox
env TOX_ENV_DIR: C:\Temp\package\.tox\test_package
env VIRTUAL_ENV: C:\Temp\package\.tox\test_package
env COLUMNS: 120
env LINES: 30
metadata pid: 30068
cwd: C:\Temp\package
allow: C:\Temp\package\.tox\test_package\Scripts\*:train
cmd: pip install -r C:\Temp\package/requirements/test_requirements.txt
exit_code: 0
Collecting feature-engine<2.0.0,>=1.6.1 (from -r C:\Temp\package/requirements\requirements.txt (line 1))
  Using cached feature_engine-1.6.2-py2.py3-none-any.whl.metadata (8.8 kB)
Collecting joblib<2.0.0,>=1.1.0 (from -r C:\Temp\package/requirements\requirements.txt (line 2))
  Using cached joblib-1.3.2-py3-none-any.whl.metadata (5.4 kB)
Collecting numpy<2.0.0,>=1.23.0 (from -r C:\Temp\package/requirements\requirements.txt (line 3))
  Using cached numpy-1.26.2-cp311-cp311-win_amd64.whl.metadata (61 kB)
Collecting pandas<3.0.0,>=2.0.0 (from -r C:\Temp\package/requirements\requirements.txt (line 4))
  Using cached pandas-2.1.3-cp311-cp311-win_amd64.whl.metadata (18 kB)
Collecting pydantic<2.0.0,>=1.10.0 (from -r C:\Temp\package/requirements\requirements.txt (line 5))
  Using cached pydantic-1.10.13-cp311-cp311-win_amd64.whl.metadata (150 kB)
Collecting scikit-learn<2.0.0,>=1.3.2 (from -r C:\Temp\package/requirements\requirements.txt (line 6))
  Using cached scikit_learn-1.3.2-cp311-cp311-win_amd64.whl.metadata (11 kB)
Collecting strictyaml<2.0.0,>=1.7.0 (from -r C:\Temp\package/requirements\requirements.txt (line 7))
  Using cached strictyaml-1.7.3-py3-none-any.whl (123 kB)
Collecting tqdm>=4.66.1 (from -r C:\Temp\package/requirements\requirements.txt (line 8))
  Using cached tqdm-4.66.1-py3-none-any.whl.metadata (57 kB)
Collecting pytest<8.0.0,>=7.4.2 (from -r C:\Temp\package/requirements/test_requirements.txt (line 4))
  Using cached pytest-7.4.3-py3-none-any.whl.metadata (7.9 kB)
Collecting scipy>=1.4.1 (from feature-engine<2.0.0,>=1.6.1->-r C:\Temp\package/requirements\requirements.txt (line 1))
  Using cached scipy-1.11.4-cp311-cp311-win_amd64.whl.metadata (60 kB)
Collecting statsmodels>=0.11.1 (from feature-engine<2.0.0,>=1.6.1->-r C:\Temp\package/requirements\requirements.txt (line 1))
  Using cached statsmodels-0.14.0-cp311-cp311-win_amd64.whl (9.2 MB)
Collecting python-dateutil>=2.8.2 (from pandas<3.0.0,>=2.0.0->-r C:\Temp\package/requirements\requirements.txt (line 4))
  Using cached python_dateutil-2.8.2-py2.py3-none-any.whl (247 kB)
Collecting pytz>=2020.1 (from pandas<3.0.0,>=2.0.0->-r C:\Temp\package/requirements\requirements.txt (line 4))
  Using cached pytz-2023.3.post1-py2.py3-none-any.whl.metadata (22 kB)
Collecting tzdata>=2022.1 (from pandas<3.0.0,>=2.0.0->-r C:\Temp\package/requirements\requirements.txt (line 4))
  Using cached tzdata-2023.3-py2.py3-none-any.whl (341 kB)
Collecting typing-extensions>=4.2.0 (from pydantic<2.0.0,>=1.10.0->-r C:\Temp\package/requirements\requirements.txt (line 5))
  Using cached typing_extensions-4.8.0-py3-none-any.whl.metadata (3.0 kB)
Collecting threadpoolctl>=2.0.0 (from scikit-learn<2.0.0,>=1.3.2->-r C:\Temp\package/requirements\requirements.txt (line 6))
  Using cached threadpoolctl-3.2.0-py3-none-any.whl.metadata (10.0 kB)
Collecting colorama (from tqdm>=4.66.1->-r C:\Temp\package/requirements\requirements.txt (line 8))
  Using cached colorama-0.4.6-py2.py3-none-any.whl (25 kB)
Collecting iniconfig (from pytest<8.0.0,>=7.4.2->-r C:\Temp\package/requirements/test_requirements.txt (line 4))
  Using cached iniconfig-2.0.0-py3-none-any.whl (5.9 kB)
Collecting packaging (from pytest<8.0.0,>=7.4.2->-r C:\Temp\package/requirements/test_requirements.txt (line 4))
  Using cached packaging-23.2-py3-none-any.whl.metadata (3.2 kB)
Collecting pluggy<2.0,>=0.12 (from pytest<8.0.0,>=7.4.2->-r C:\Temp\package/requirements/test_requirements.txt (line 4))
  Using cached pluggy-1.3.0-py3-none-any.whl.metadata (4.3 kB)
Collecting six>=1.5 (from python-dateutil>=2.8.2->pandas<3.0.0,>=2.0.0->-r C:\Temp\package/requirements\requirements.txt (line 4))
  Using cached six-1.16.0-py2.py3-none-any.whl (11 kB)
Collecting patsy>=0.5.2 (from statsmodels>=0.11.1->feature-engine<2.0.0,>=1.6.1->-r C:\Temp\package/requirements\requirements.txt (line 1))
  Using cached patsy-0.5.3-py2.py3-none-any.whl (233 kB)
Using cached feature_engine-1.6.2-py2.py3-none-any.whl (328 kB)
Using cached joblib-1.3.2-py3-none-any.whl (302 kB)
Using cached numpy-1.26.2-cp311-cp311-win_amd64.whl (15.8 MB)
Using cached pandas-2.1.3-cp311-cp311-win_amd64.whl (10.6 MB)
Using cached pydantic-1.10.13-cp311-cp311-win_amd64.whl (2.1 MB)
Using cached scikit_learn-1.3.2-cp311-cp311-win_amd64.whl (9.2 MB)
Using cached tqdm-4.66.1-py3-none-any.whl (78 kB)
Using cached pytest-7.4.3-py3-none-any.whl (325 kB)
Using cached pluggy-1.3.0-py3-none-any.whl (18 kB)
Using cached pytz-2023.3.post1-py2.py3-none-any.whl (502 kB)
Using cached scipy-1.11.4-cp311-cp311-win_amd64.whl (44.1 MB)
Using cached packaging-23.2-py3-none-any.whl (53 kB)
Using cached threadpoolctl-3.2.0-py3-none-any.whl (15 kB)
Using cached typing_extensions-4.8.0-py3-none-any.whl (31 kB)
Installing collected packages: pytz, tzdata, typing-extensions, threadpoolctl, six, pluggy, packaging, numpy, joblib, iniconfig, colorama, tqdm, scipy, python-dateutil, pytest, pydantic, patsy, strictyaml, scikit-learn, pandas, statsmodels, feature-engine
Successfully installed colorama-0.4.6 feature-engine-1.6.2 iniconfig-2.0.0 joblib-1.3.2 numpy-1.26.2 packaging-23.2 pandas-2.1.3 patsy-0.5.3 pluggy-1.3.0 pydantic-1.10.13 pytest-7.4.3 python-dateutil-2.8.2 pytz-2023.3.post1 scikit-learn-1.3.2 scipy-1.11.4 six-1.16.0 statsmodels-0.14.0 strictyaml-1.7.3 threadpoolctl-3.2.0 tqdm-4.66.1 typing-extensions-4.8.0 tzdata-2023.3
